<?xml version="1.0" encoding="UTF-8"?>
<!-- Generated by org.testng.reporters.JUnitReportReporter -->
<testsuite hostname="Prashant" failures="0" tests="1" name="com.thed.zapi.cloud.sample.test1" time="17.762" errors="0" timestamp="15 Jun 2020 10:03:26 GMT" skipped="0">
  <testcase classname="com.thed.zapi.cloud.sample.test1" name="SeleniumAmazonTest" time="17.762"/>
</testsuite> <!-- com.thed.zapi.cloud.sample.test1 -->
